# JRE version: Java(TM) SE Runtime Environment (8.0_162-b12) (build 1.8.0_162-b12)
# Java VM: Java HotSpot(TM) 64-Bit Server VM (25.162-b12 mixed mode windows-amd64 compressed oops)
Heap:
 PSYoungGen      total 185344K, used 124208K [0x00000000e0000000, 0x00000000eef00000, 0x0000000100000000)
  eden space 158720K, 69% used [0x00000000e0000000,0x00000000e6baa590,0x00000000e9b00000)
  from space 26624K, 52% used [0x00000000e9b00000,0x00000000ea8a1bc8,0x00000000eb500000)
  to   space 25600K, 0% used [0x00000000ed600000,0x00000000ed600000,0x00000000eef00000)
 ParOldGen       total 161792K, used 47645K [0x00000000a0000000, 0x00000000a9e00000, 0x00000000e0000000)
  object space 161792K, 29% used [0x00000000a0000000,0x00000000a2e87548,0x00000000a9e00000)
 Metaspace       used 63912K, capacity 67042K, committed 67120K, reserved 1107968K
  class space    used 8722K, capacity 9463K, committed 9520K, reserved 1048576K
GC Heap History (10 events):
Event: 13.893 GC heap before
{Heap before GC invocations=14 (full 2):
 PSYoungGen      total 104960K, used 104935K [0x00000000e0000000, 0x00000000e9000000, 0x0000000100000000)
  eden space 92672K, 100% used [0x00000000e0000000,0x00000000e5a80000,0x00000000e5a80000)
  from space 12288K, 99% used [0x00000000e5a80000,0x00000000e6679c80,0x00000000e6680000)
  to   space 13824K, 0% used [0x00000000e8280000,0x00000000e8280000,0x00000000e9000000)
 ParOldGen       total 100864K, used 17003K [0x00000000a0000000, 0x00000000a6280000, 0x00000000e0000000)
  object space 100864K, 16% used [0x00000000a0000000,0x00000000a109af90,0x00000000a6280000)
 Metaspace       used 51987K, capacity 53678K, committed 53808K, reserved 1095680K
  class space    used 7204K, capacity 7689K, committed 7728K, reserved 1048576K
Event: 13.917 GC heap after
Heap after GC invocations=14 (full 2):
 PSYoungGen      total 131072K, used 13822K [0x00000000e0000000, 0x00000000e9900000, 0x0000000100000000)
  eden space 117248K, 0% used [0x00000000e0000000,0x00000000e0000000,0x00000000e7280000)
  from space 13824K, 99% used [0x00000000e8280000,0x00000000e8fff990,0x00000000e9000000)
  to   space 16384K, 0% used [0x00000000e7280000,0x00000000e7280000,0x00000000e8280000)
 ParOldGen       total 100864K, used 20003K [0x00000000a0000000, 0x00000000a6280000, 0x00000000e0000000)
  object space 100864K, 19% used [0x00000000a0000000,0x00000000a1388f40,0x00000000a6280000)
 Metaspace       used 51987K, capacity 53678K, committed 53808K, reserved 1095680K
  class space    used 7204K, capacity 7689K, committed 7728K, reserved 1048576K
}
Event: 14.918 GC heap before
{Heap before GC invocations=15 (full 2):
 PSYoungGen      total 131072K, used 131070K [0x00000000e0000000, 0x00000000e9900000, 0x0000000100000000)
  eden space 117248K, 100% used [0x00000000e0000000,0x00000000e7280000,0x00000000e7280000)
  from space 13824K, 99% used [0x00000000e8280000,0x00000000e8fff990,0x00000000e9000000)
  to   space 16384K, 0% used [0x00000000e7280000,0x00000000e7280000,0x00000000e8280000)
 ParOldGen       total 100864K, used 20003K [0x00000000a0000000, 0x00000000a6280000, 0x00000000e0000000)
  object space 100864K, 19% used [0x00000000a0000000,0x00000000a1388f40,0x00000000a6280000)
 Metaspace       used 54076K, capacity 55958K, committed 56240K, reserved 1097728K
  class space    used 7549K, capacity 8036K, committed 8112K, reserved 1048576K
Event: 14.953 GC heap after
Heap after GC invocations=15 (full 2):
 PSYoungGen      total 133632K, used 16357K [0x00000000e0000000, 0x00000000ecb00000, 0x0000000100000000)
  eden space 117248K, 0% used [0x00000000e0000000,0x00000000e0000000,0x00000000e7280000)
  from space 16384K, 99% used [0x00000000e7280000,0x00000000e82794d0,0x00000000e8280000)
  to   space 22528K, 0% used [0x00000000eb500000,0x00000000eb500000,0x00000000ecb00000)
 ParOldGen       total 100864K, used 29886K [0x00000000a0000000, 0x00000000a6280000, 0x00000000e0000000)
  object space 100864K, 29% used [0x00000000a0000000,0x00000000a1d2fac0,0x00000000a6280000)
 Metaspace       used 54076K, capacity 55958K, committed 56240K, reserved 1097728K
  class space    used 7549K, capacity 8036K, committed 8112K, reserved 1048576K
}
Event: 16.861 GC heap before
{Heap before GC invocations=16 (full 2):
 PSYoungGen      total 133632K, used 95760K [0x00000000e0000000, 0x00000000ecb00000, 0x0000000100000000)
  eden space 117248K, 67% used [0x00000000e0000000,0x00000000e4d8ae30,0x00000000e7280000)
  from space 16384K, 99% used [0x00000000e7280000,0x00000000e82794d0,0x00000000e8280000)
  to   space 22528K, 0% used [0x00000000eb500000,0x00000000eb500000,0x00000000ecb00000)
 ParOldGen       total 100864K, used 29886K [0x00000000a0000000, 0x00000000a6280000, 0x00000000e0000000)
  object space 100864K, 29% used [0x00000000a0000000,0x00000000a1d2fac0,0x00000000a6280000)
 Metaspace       used 56605K, capacity 59078K, committed 59160K, reserved 1099776K
  class space    used 7911K, capacity 8543K, committed 8624K, reserved 1048576K
Event: 16.926 GC heap after
Heap after GC invocations=16 (full 2):
 PSYoungGen      total 181248K, used 22507K [0x00000000e0000000, 0x00000000ed680000, 0x0000000100000000)
  eden space 158720K, 0% used [0x00000000e0000000,0x00000000e0000000,0x00000000e9b00000)
  from space 22528K, 99% used [0x00000000eb500000,0x00000000ecafad10,0x00000000ecb00000)
  to   space 26624K, 0% used [0x00000000e9b00000,0x00000000e9b00000,0x00000000eb500000)
 ParOldGen       total 100864K, used 32076K [0x00000000a0000000, 0x00000000a6280000, 0x00000000e0000000)
  object space 100864K, 31% used [0x00000000a0000000,0x00000000a1f53318,0x00000000a6280000)
 Metaspace       used 56605K, capacity 59078K, committed 59160K, reserved 1099776K
  class space    used 7911K, capacity 8543K, committed 8624K, reserved 1048576K
}
Event: 16.926 GC heap before
{Heap before GC invocations=17 (full 3):
 PSYoungGen      total 181248K, used 22507K [0x00000000e0000000, 0x00000000ed680000, 0x0000000100000000)
  eden space 158720K, 0% used [0x00000000e0000000,0x00000000e0000000,0x00000000e9b00000)
  from space 22528K, 99% used [0x00000000eb500000,0x00000000ecafad10,0x00000000ecb00000)
  to   space 26624K, 0% used [0x00000000e9b00000,0x00000000e9b00000,0x00000000eb500000)
 ParOldGen       total 100864K, used 32076K [0x00000000a0000000, 0x00000000a6280000, 0x00000000e0000000)
  object space 100864K, 31% used [0x00000000a0000000,0x00000000a1f53318,0x00000000a6280000)
 Metaspace       used 56605K, capacity 59078K, committed 59160K, reserved 1099776K
  class space    used 7911K, capacity 8543K, committed 8624K, reserved 1048576K
Event: 17.392 GC heap after
Heap after GC invocations=17 (full 3):
 PSYoungGen      total 181248K, used 0K [0x00000000e0000000, 0x00000000ed680000, 0x0000000100000000)
  eden space 158720K, 0% used [0x00000000e0000000,0x00000000e0000000,0x00000000e9b00000)
  from space 22528K, 0% used [0x00000000eb500000,0x00000000eb500000,0x00000000ecb00000)
  to   space 26624K, 0% used [0x00000000e9b00000,0x00000000e9b00000,0x00000000eb500000)
 ParOldGen       total 161792K, used 47637K [0x00000000a0000000, 0x00000000a9e00000, 0x00000000e0000000)
  object space 161792K, 29% used [0x00000000a0000000,0x00000000a2e85548,0x00000000a9e00000)
 Metaspace       used 56605K, capacity 59078K, committed 59160K, reserved 1099776K
  class space    used 7911K, capacity 8543K, committed 8624K, reserved 1048576K
}
Event: 33.642 GC heap before
{Heap before GC invocations=18 (full 3):
 PSYoungGen      total 181248K, used 158720K [0x00000000e0000000, 0x00000000ed680000, 0x0000000100000000)
  eden space 158720K, 100% used [0x00000000e0000000,0x00000000e9b00000,0x00000000e9b00000)
  from space 22528K, 0% used [0x00000000eb500000,0x00000000eb500000,0x00000000ecb00000)
  to   space 26624K, 0% used [0x00000000e9b00000,0x00000000e9b00000,0x00000000eb500000)
 ParOldGen       total 161792K, used 47637K [0x00000000a0000000, 0x00000000a9e00000, 0x00000000e0000000)
  object space 161792K, 29% used [0x00000000a0000000,0x00000000a2e85548,0x00000000a9e00000)
 Metaspace       used 62739K, capacity 65684K, committed 65968K, reserved 1105920K
  class space    used 8588K, capacity 9288K, committed 9392K, reserved 1048576K
Event: 33.656 GC heap after
Heap after GC invocations=18 (full 3):
 PSYoungGen      total 185344K, used 13958K [0x00000000e0000000, 0x00000000eef00000, 0x0000000100000000)
  eden space 158720K, 0% used [0x00000000e0000000,0x00000000e0000000,0x00000000e9b00000)
  from space 26624K, 52% used [0x00000000e9b00000,0x00000000ea8a1bc8,0x00000000eb500000)
  to   space 25600K, 0% used [0x00000000ed600000,0x00000000ed600000,0x00000000eef00000)
 ParOldGen       total 161792K, used 47645K [0x00000000a0000000, 0x00000000a9e00000, 0x00000000e0000000)
  object space 161792K, 29% used [0x00000000a0000000,0x00000000a2e87548,0x00000000a9e00000)
 Metaspace       used 62739K, capacity 65684K, committed 65968K, reserved 1105920K
  class space    used 8588K, capacity 9288K, committed 9392K, reserved 1048576K
}

